<?xml version="1.0" encoding="UTF-8"?>
<testsuite xmlns:xsi="http://www.w3.org/2001/XMLSchema-instance" xsi:noNamespaceSchemaLocation="https://maven.apache.org/surefire/maven-surefire-plugin/xsd/surefire-test-report.xsd" name="homework05.accuWeather.TestAccuWeather" time="1.287" tests="9" errors="0" skipped="0" failures="0">
  <properties>
[...]
</properties>
  <testcase name="testInformationAboutAllRegionsMock" classname="homework05.accuWeather.TestAccuWeather" time="0.406"/>
  <testcase name="testInformationAboutAdministrativeAreasMock" classname="homework05.accuWeather.TestAccuWeather" time="0.034"/>
  <testcase name="testInformationAboutAdministrativeAreasIsValueMock" classname="homework05.accuWeather.TestAccuWeather" time="0.093"/>
  <testcase name="testGetWeatherFiveDayReturnMock" classname="homework05.accuWeather.TestAccuWeather" time="0.072"/>
  <testcase name="testReturnAutocompleteOfTheSearchTextMock" classname="homework05.accuWeather.TestAccuWeather" time="0.051"/>
  <testcase name="testInformationReturnsForCitiesReturnMoscowMock" classname="homework05.accuWeather.TestAccuWeather" time="0.035"/>
  <testcase name="testInformationAboutAllCountriesWithinSpecifiedRegionMock" classname="homework05.accuWeather.TestAccuWeather" time="0.031"/>
  <testcase name="testGetWeatherOneDayReturnMock" classname="homework05.accuWeather.TestAccuWeather" time="0.031"/>
  <testcase name="testReturnsInformationForTheTop50Cities" classname="homework05.accuWeather.TestAccuWeather" time="0.026"/>
</testsuite>